<testng-results>
  <reporter-output>
  </reporter-output>
  <suite name="steam-community-client" duration-ms="499" started-at="2011-12-14T15:54:45Z" finished-at="2011-12-14T15:54:45Z">
    <groups>
    </groups>
    <test name="de.dengot.steamcommunityclient.test.TestPlayerstatsParser" duration-ms="499" started-at="2011-12-14T15:54:45Z" finished-at="2011-12-14T15:54:45Z">
      <class name="de.dengot.steamcommunityclient.test.TestPlayerstatsParser">
        <test-method status="PASS" signature="testParsing()" name="testParsing" duration-ms="499" started-at="2011-12-14T15:54:45Z" finished-at="2011-12-14T15:54:45Z">
        </test-method>
      </class>
    </test>
  </suite>
</testng-results>
